{"total": {"lines":{"total":63,"covered":49,"skipped":0,"pct":77.77},"statements":{"total":77,"covered":59,"skipped":0,"pct":76.62},"functions":{"total":11,"covered":11,"skipped":0,"pct":100},"branches":{"total":61,"covered":45,"skipped":0,"pct":73.77},"branchesTrue":{"total":0,"covered":0,"skipped":0,"pct":"Unknown"}}
,"/home/runner/work/cookie.js/cookie.js/src/main.js": {"lines":{"total":63,"covered":49,"skipped":0,"pct":77.77},"functions":{"total":11,"covered":11,"skipped":0,"pct":100},"statements":{"total":77,"covered":59,"skipped":0,"pct":76.62},"branches":{"total":61,"covered":45,"skipped":0,"pct":73.77}}
}
