{"total": {"lines":{"total":62,"covered":62,"skipped":0,"pct":100},"statements":{"total":76,"covered":76,"skipped":0,"pct":100},"functions":{"total":11,"covered":11,"skipped":0,"pct":100},"branches":{"total":59,"covered":58,"skipped":0,"pct":98.3}}
,"/home/runner/work/cookie.js/cookie.js/src/main.js": {"lines":{"total":62,"covered":62,"skipped":0,"pct":100},"functions":{"total":11,"covered":11,"skipped":0,"pct":100},"statements":{"total":76,"covered":76,"skipped":0,"pct":100},"branches":{"total":59,"covered":58,"skipped":0,"pct":98.3}}
}
