TN:
SF:src/main.js
FN:1,getKeys
FN:9,isPlainObject
FN:20,isArray
FN:21,toArray
FN:24,Cookie
FN:30,(anonymous_5)
FN:45,(anonymous_6)
FN:69,(anonymous_7)
FN:76,(anonymous_8)
FN:79,(anonymous_9)
FN:92,(anonymous_10)
FNF:11
FNH:11
FNDA:1,getKeys
FNDA:10,isPlainObject
FNDA:3,isArray
FNDA:2,toArray
FNDA:2,Cookie
FNDA:1,(anonymous_5)
FNDA:6,(anonymous_6)
FNDA:3,(anonymous_7)
FNDA:2,(anonymous_8)
FNDA:4,(anonymous_9)
FNDA:7,(anonymous_10)
DA:2,1
DA:3,1
DA:4,0
DA:6,1
DA:10,10
DA:11,10
DA:12,0
DA:14,10
DA:15,8
DA:17,2
DA:20,3
DA:22,2
DA:25,2
DA:26,1
DA:29,1
DA:31,1
DA:32,1
DA:33,1
DA:34,1
DA:35,1
DA:36,0
DA:39,1
DA:40,0
DA:43,1
DA:46,6
DA:47,1
DA:48,0
DA:50,5
DA:51,4
DA:52,4
DA:53,4
DA:54,4
DA:55,4
DA:58,4
DA:59,1
DA:60,3
DA:61,3
DA:62,0
DA:63,0
DA:65,0
DA:66,0
DA:70,3
DA:71,3
DA:72,2
DA:74,1
DA:77,2
DA:80,4
DA:81,0
DA:82,0
DA:83,0
DA:84,0
DA:86,0
DA:90,1
DA:92,1
DA:93,7
DA:94,7
DA:95,7
DA:96,4
DA:97,4
DA:98,3
DA:99,2
DA:100,2
DA:103,5
LF:63
LH:49
BRDA:11,0,0,0
BRDA:11,0,1,10
BRDA:14,1,0,8
BRDA:14,1,1,2
BRDA:25,2,0,1
BRDA:25,2,1,1
BRDA:39,3,0,0
BRDA:39,3,1,1
BRDA:46,4,0,1
BRDA:46,4,1,5
BRDA:50,5,0,4
BRDA:50,5,1,1
BRDA:51,6,0,1
BRDA:51,6,1,3
BRDA:52,7,0,4
BRDA:52,7,1,0
BRDA:53,8,0,1
BRDA:53,8,1,3
BRDA:54,9,0,0
BRDA:54,9,1,4
BRDA:55,10,0,0
BRDA:55,10,1,4
BRDA:58,11,0,1
BRDA:58,11,1,3
BRDA:58,12,0,4
BRDA:58,12,1,1
BRDA:60,13,0,3
BRDA:60,13,1,0
BRDA:62,14,0,0
BRDA:62,14,1,0
BRDA:62,15,0,0
BRDA:62,15,1,0
BRDA:65,16,0,0
BRDA:65,16,1,0
BRDA:70,17,0,1
BRDA:70,17,1,2
BRDA:77,18,0,1
BRDA:77,18,1,1
BRDA:80,19,0,4
BRDA:80,19,1,0
BRDA:94,20,0,1
BRDA:94,20,1,6
BRDA:95,21,0,3
BRDA:95,21,1,4
BRDA:96,22,0,0
BRDA:96,22,1,4
BRDA:96,23,0,4
BRDA:96,23,1,1
BRDA:97,24,0,1
BRDA:97,24,1,3
BRDA:97,25,0,4
BRDA:97,25,1,1
BRDA:98,26,0,1
BRDA:98,26,1,2
BRDA:98,27,0,3
BRDA:98,27,1,3
BRDA:99,28,0,2
BRDA:99,28,1,0
BRDA:99,29,0,2
BRDA:99,29,1,2
BRDA:99,29,2,0
BRF:61
BRH:45
end_of_record
