TN:
SF:src/main.js
FN:1,getKeys
FN:9,isPlainObject
FN:20,isArray
FN:21,toArray
FN:24,Cookie
FN:30,(anonymous_5)
FN:45,(anonymous_6)
FN:69,(anonymous_7)
FN:76,(anonymous_8)
FN:79,(anonymous_9)
FN:92,(anonymous_10)
FNF:11
FNH:11
FNDA:4,getKeys
FNDA:63,isPlainObject
FNDA:8,isArray
FNDA:4,toArray
FNDA:2,Cookie
FNDA:15,(anonymous_5)
FNDA:34,(anonymous_6)
FNDA:8,(anonymous_7)
FNDA:6,(anonymous_8)
FNDA:9,(anonymous_9)
FNDA:31,(anonymous_10)
DA:2,4
DA:3,4
DA:4,8
DA:6,4
DA:10,63
DA:11,63
DA:12,8
DA:14,55
DA:15,43
DA:17,12
DA:20,8
DA:22,4
DA:25,2
DA:26,1
DA:29,1
DA:31,15
DA:32,15
DA:33,15
DA:34,45
DA:35,45
DA:36,30
DA:39,45
DA:40,7
DA:43,8
DA:46,34
DA:47,5
DA:48,7
DA:50,29
DA:51,28
DA:52,28
DA:53,28
DA:54,28
DA:55,28
DA:58,28
DA:59,1
DA:60,27
DA:61,16
DA:62,28
DA:63,17
DA:65,28
DA:66,28
DA:70,8
DA:71,8
DA:72,13
DA:74,8
DA:77,6
DA:80,9
DA:81,7
DA:82,7
DA:83,23
DA:84,23
DA:86,7
DA:90,1
DA:92,1
DA:93,31
DA:94,31
DA:95,31
DA:96,27
DA:97,25
DA:98,23
DA:99,9
DA:100,9
DA:103,5
LF:63
LH:63
BRDA:11,0,0,8
BRDA:11,0,1,55
BRDA:14,1,0,43
BRDA:14,1,1,12
BRDA:25,2,0,1
BRDA:25,2,1,1
BRDA:39,3,0,7
BRDA:39,3,1,38
BRDA:46,4,0,5
BRDA:46,4,1,29
BRDA:50,5,0,28
BRDA:50,5,1,1
BRDA:51,6,0,6
BRDA:51,6,1,22
BRDA:52,7,0,2
BRDA:52,7,1,26
BRDA:53,8,0,1
BRDA:53,8,1,27
BRDA:54,9,0,1
BRDA:54,9,1,27
BRDA:55,10,0,17
BRDA:55,10,1,11
BRDA:58,11,0,1
BRDA:58,11,1,27
BRDA:58,12,0,28
BRDA:58,12,1,12
BRDA:60,13,0,16
BRDA:60,13,1,11
BRDA:62,14,0,17
BRDA:62,14,1,11
BRDA:62,15,0,28
BRDA:62,15,1,17
BRDA:65,16,0,0
BRDA:65,16,1,28
BRDA:70,17,0,4
BRDA:70,17,1,4
BRDA:77,18,0,2
BRDA:77,18,1,4
BRDA:80,19,0,2
BRDA:80,19,1,7
BRDA:94,20,0,1
BRDA:94,20,1,30
BRDA:95,21,0,4
BRDA:95,21,1,27
BRDA:96,22,0,2
BRDA:96,22,1,25
BRDA:96,23,0,27
BRDA:96,23,1,17
BRDA:97,24,0,2
BRDA:97,24,1,23
BRDA:97,25,0,25
BRDA:97,25,1,3
BRDA:98,26,0,14
BRDA:98,26,1,9
BRDA:98,27,0,23
BRDA:98,27,1,22
BRDA:99,28,0,9
BRDA:99,28,1,0
BRDA:99,29,0,9
BRDA:99,29,1,8
BRDA:99,29,2,1
BRF:61
BRH:59
end_of_record
